<?xml version="1.0" encoding="UTF-8"?>
<!-- Generated by org.testng.reporters.JUnitReportReporter -->
<testsuite hostname="Shajina" failures="0" tests="1" name="Tests.HomeTest" time="7.035" errors="0" timestamp="2025-09-04T18:27:07 IST" skipped="0">
  <testcase classname="Tests.HomeTest" name="homeTitle" time="7.035"/>
</testsuite> <!-- Tests.HomeTest -->
