<?xml version="1.0" encoding="UTF-8"?>
<!-- Generated by org.testng.reporters.JUnitReportReporter -->
<testsuite hostname="Shajina" failures="0" tests="2" name="Tests.LoginTest" time="6.624" errors="0" timestamp="2025-09-06T19:55:18 IST" skipped="0">
  <testcase classname="Tests.LoginTest" name="loginTest" time="2.149"/>
  <testcase classname="Tests.LoginTest" name="userManage" time="4.475"/>
</testsuite> <!-- Tests.LoginTest -->
