<?xml version="1.0" encoding="UTF-8"?>
<!-- Generated by org.testng.reporters.JUnitReportReporter -->
<testsuite hostname="DESKTOP-OCDAMLK" failures="0" tests="1" name="Scripts.SecondScript" time="0.775" errors="0" timestamp="2025-08-19T13:11:53 IST" skipped="0">
  <testcase classname="Scripts.SecondScript" name="webTalk" time="0.775"/>
</testsuite> <!-- Scripts.SecondScript -->
