<?xml version="1.0" encoding="UTF-8"?>
<!-- Generated by org.testng.reporters.JUnitReportReporter -->
<testsuite hostname="Shajina" failures="0" tests="1" name="Scripts.SecondScript" time="0.666" errors="0" timestamp="2025-08-21T18:14:38 IST" skipped="0">
  <testcase classname="Scripts.SecondScript" name="webTalk" time="0.666"/>
</testsuite> <!-- Scripts.SecondScript -->
